==============================================================================
ANGULAR v3: INTEGRATION-BASED OPTIMISATION
==============================================================================

==============================================================================
2D: 12 shells
==============================================================================
  4 experiments, 8 angular bins

  Fitting universal (integration-based)...
    seed 0: loss=4.0000e+10 (new best)
    seed 1: loss=2.0314e-03 (new best)
  Universal fit done in 557.1s

  Coefficients:
    radial_diff         : -0.000516
    angular_relax       : -0.017347
    angular_diff        : +0.006811
    leith_div           : -0.006832
    stretch_source      : +0.098151
    E_times_Om          : -0.000784
    K2_E                : -0.098179

  Forward integration scores (universal, full data):
    A: rel_rmse(E_K)=1.7658e-02  rel_rmse(angular)=1.8856e-02
    B: rel_rmse(E_K)=2.4051e-02  rel_rmse(angular)=2.3412e-02
    C: rel_rmse(E_K)=8.8892e-03  rel_rmse(angular)=2.5334e-02
    D: rel_rmse(E_K)=8.8133e-03  rel_rmse(angular)=2.1756e-02

  Per-experiment fit:
    A: rel_rmse(E_K)=1.9115e-04  rel_rmse(angular)=9.2919e-04
      coeffs: +0.0000  -0.0174  +0.0067  -0.0068  +0.0982  -0.0001  -0.0981
    B: rel_rmse(E_K)=1.5809e-04  rel_rmse(angular)=2.7686e-03
      coeffs: +0.0000  -0.0174  +0.0068  -0.0068  +0.0976  +0.0002  -0.0987
    C: rel_rmse(E_K)=8.7284e-03  rel_rmse(angular)=2.1907e-02
      coeffs: -0.0043  -0.0644  +0.0238  -0.0039  +0.0980  +0.0002  -0.0983
    D: rel_rmse(E_K)=1.0265e-02  rel_rmse(angular)=1.9466e-02
      coeffs: -0.0048  +0.0057  +0.0014  +0.0094  +0.0205  -0.0114  -0.0195

==============================================================================
3D: 8 shells
==============================================================================
  4 experiments, 12 angular bins

  Fitting universal (integration-based)...
    seed 0: loss=1.3521e+00 (new best)
    seed 3: loss=1.0428e+00 (new best)
    seed 6: loss=1.0428e+00 (new best)
  Universal fit done in 283.9s

  Coefficients:
    radial_diff         : +0.169146
    angular_relax       : +0.150311
    angular_diff        : -0.047067
    leith_div           : +0.046014
    stretch_source      : +0.192510
    E_times_Om          : -0.977728
    K2_E                : -0.013161

  Forward integration scores (universal, full data):
    A: rel_rmse(E_K)=1.7749e-01  rel_rmse(angular)=3.1900e-01
    B: rel_rmse(E_K)=1.6989e-01  rel_rmse(angular)=3.1337e-01
    C: rel_rmse(E_K)=7.3218e-01  rel_rmse(angular)=6.9647e-01
    D: rel_rmse(E_K)=5.7075e-01  rel_rmse(angular)=6.1231e-01

  Per-experiment fit:
    A: rel_rmse(E_K)=2.4059e-01  rel_rmse(angular)=2.1666e-01
      coeffs: +0.3352  +0.0991  -0.0237  +0.8776  -0.3502  +0.3639  -0.5559
    B: rel_rmse(E_K)=2.2570e-01  rel_rmse(angular)=2.0530e-01
      coeffs: +0.3247  +0.0871  -0.0214  +0.8034  -0.4283  +0.3853  -0.4683
    C: rel_rmse(E_K)=6.7015e-01  rel_rmse(angular)=6.0472e-01
      coeffs: +0.3815  +0.1672  +0.0755  +1.4523  -0.0773  +0.2445  -0.2772
    D: rel_rmse(E_K)=2.7751e-01  rel_rmse(angular)=3.8349e-01
      coeffs: +0.1819  +0.1072  -0.0248  +2.0000  +0.1243  -0.3769  +0.0303

Done.
