Stage 1: Training sieve to 200M...
Stage 2: Wave prediction...
Predicted reversal at 10^8.32
Stage 3: Segmented sieve to 7.00e+11...
[1.9% — x=1.30e+10 — 63s]
[3.7% — x=2.56e+10 — 124s]
[5.4% — x=3.78e+10 — 185s]
[7.1% — x=4.96e+10 — 246s]
[8.7% — x=6.12e+10 — 307s]
[10.4% — x=7.27e+10 — 368s]
[12.0% — x=8.39e+10 — 429s]
[13.6% — x=9.51e+10 — 490s]
[15.2% — x=1.06e+11 — 551s]
[16.7% — x=1.17e+11 — 612s]
[18.3% — x=1.28e+11 — 673s]
[19.9% — x=1.39e+11 — 734s]
[21.4% — x=1.50e+11 — 795s]
[22.9% — x=1.60e+11 — 856s]
[24.4% — x=1.71e+11 — 917s]
[25.9% — x=1.82e+11 — 978s]
[27.5% — x=1.92e+11 — 1039s]
[29.0% — x=2.03e+11 — 1100s]
[30.5% — x=2.13e+11 — 1161s]
[31.9% — x=2.24e+11 — 1222s]
[33.4% — x=2.34e+11 — 1283s]
[34.9% — x=2.44e+11 — 1344s]
[36.4% — x=2.55e+11 — 1405s]
[37.9% — x=2.65e+11 — 1466s]
[39.4% — x=2.75e+11 — 1527s]
[40.8% — x=2.86e+11 — 1588s]
[42.3% — x=2.96e+11 — 1649s]
[43.7% — x=3.06e+11 — 1710s]
[45.1% — x=3.16e+11 — 1771s]
[46.6% — x=3.26e+11 — 1832s]
[48.0% — x=3.36e+11 — 1893s]
[49.5% — x=3.46e+11 — 1954s]
[50.9% — x=3.56e+11 — 2015s]
[52.3% — x=3.66e+11 — 2076s]
[53.7% — x=3.76e+11 — 2137s]
[55.2% — x=3.86e+11 — 2198s]
[56.6% — x=3.96e+11 — 2259s]
[58.0% — x=4.06e+11 — 2320s]
[59.4% — x=4.16e+11 — 2381s]
[60.8% — x=4.26e+11 — 2442s]
[62.3% — x=4.36e+11 — 2503s]
[63.7% — x=4.46e+11 — 2564s]
[65.1% — x=4.56e+11 — 2625s]
[66.5% — x=4.65e+11 — 2686s]
[67.9% — x=4.75e+11 — 2747s]
[69.3% — x=4.85e+11 — 2808s]
[70.7% — x=4.95e+11 — 2869s]
[72.1% — x=5.05e+11 — 2930s]
[73.5% — x=5.15e+11 — 2991s]
[74.9% — x=5.24e+11 — 3052s]
[76.3% — x=5.34e+11 — 3113s]
[77.7% — x=5.44e+11 — 3174s]
[79.1% — x=5.54e+11 — 3235s]
[80.5% — x=5.63e+11 — 3296s]
[81.8% — x=5.73e+11 — 3357s]
[83.2% — x=5.82e+11 — 3418s]
[84.6% — x=5.92e+11 — 3479s]
[85.9% — x=6.02e+11 — 3540s]
*** REVERSAL FOUND at x≈608983800001 (10^11.78)
[87.3% — x=6.11e+11 — 3601s]
[88.7% — x=6.21e+11 — 3662s]
[90.0% — x=6.30e+11 — 3723s]
[91.4% — x=6.40e+11 — 3784s]
[92.8% — x=6.49e+11 — 3845s]
[94.1% — x=6.59e+11 — 3906s]
[95.5% — x=6.68e+11 — 3967s]
[96.8% — x=6.78e+11 — 4028s]
[98.2% — x=6.87e+11 — 4089s]
[99.6% — x=6.97e+11 — 4150s]
